2023-03-28T13:50:38.273Z [ livraria_api ] info POST /cliente - {"clienteId":1,"nome":"João","email":"joao@email.com","senha":"1234","telefone":"(99) 9 9999-9999","endereco":"Rua A, Bairro Cidade Nova"}
2023-03-28T14:06:35.441Z [ livraria_api ] info PUT /cliente - {"clienteId":1,"nome":"João Silva","email":"joao@email.com","senha":"1234","telefone":"(99) 9 9999-9999","endereco":"Rua A, Bairro Cidade Nova"}
2023-03-28T15:28:48.216Z [ livraria_api ] error DELETE  - vendas is not associated to clientes!
2023-03-28T15:37:52.385Z [ livraria_api ] error DELETE  - Possui uma venda
2023-03-28T15:40:36.872Z [ livraria_api ] error DELETE  - Possui uma venda
2023-03-28T15:43:44.113Z [ livraria_api ] error DELETE  - O cliente_id informado não existe!
2023-03-28T15:45:08.447Z [ livraria_api ] error PUT  - O cliente_id informado não existe!
2023-03-28T15:59:37.386Z [ livraria_api ] info GET /cliente
2023-03-28T16:05:54.124Z [ livraria_api ] info GET /cliente/1
2023-03-28T16:07:16.724Z [ livraria_api ] error GET  - Argument passed to findByPk is invalid: [object Object]
2023-03-28T16:07:37.714Z [ livraria_api ] info GET /cliente/1
2023-03-28T16:08:13.289Z [ livraria_api ] info GET /cliente/1
2023-03-28T16:51:40.538Z [ livraria_api ] info POST /autor - {"autorId":4,"nome":"Pedro","email":"pedro@email.com","telefone":"(11) 1 1111-1111"}
2023-03-28T17:00:27.860Z [ livraria_api ] info PUT /autor - {"autorId":4,"nome":"Pedro Souza","email":"pedro@email.com","telefone":"(11) 1 1111-1111"}
2023-03-28T17:00:34.950Z [ livraria_api ] error PUT  - Autor ID, nome, email e telefone são obrigatórios!
2023-03-28T17:00:42.251Z [ livraria_api ] error PUT  - O autor_id informado não existe!
2023-03-29T15:32:43.128Z [ livraria_api ] error DELETE  - Possui uma venda
2023-03-29T15:32:50.984Z [ livraria_api ] info GET /cliente
2023-03-29T15:33:03.892Z [ livraria_api ] error DELETE  - Possui uma venda
2023-03-29T15:42:54.100Z [ livraria_api ] error DELETE  - Possui uma venda
2023-03-29T15:45:25.770Z [ livraria_api ] error DELETE  - Possui uma venda
2023-03-29T15:47:11.668Z [ livraria_api ] info DELETE /cliente/9
2023-03-29T15:56:00.640Z [ livraria_api ] info DELETE /autor/5
2023-03-29T16:08:45.229Z [ livraria_api ] info GET /autor
2023-03-29T16:11:47.908Z [ livraria_api ] info GET /autor/2
2023-03-29T16:14:23.844Z [ livraria_api ] info GET /autor/2
2023-03-29T16:15:36.731Z [ livraria_api ] info GET /autor/2
